Sun Sep 24 2023 2:0:55 [TMS] debug: Attempting to delete team with ID: 650f42b37f7c42aeea3118a5
Sun Sep 24 2023 2:2:54 [TMS] info: Application  listening on port 5000
Sun Sep 24 2023 2:3:2 [TMS] info: Application  listening on port 5000
Sun Sep 24 2023 2:3:2 [TMS] info: A user connected to Socket.IO
Sun Sep 24 2023 2:3:2 [TMS] info: A user connected to Socket.IO
Sun Sep 24 2023 2:3:3 [TMS] info: A user connected to Socket.IO
Sun Sep 24 2023 2:3:3 [TMS] info: A user connected to Socket.IO
Sun Sep 24 2023 2:3:3 [TMS] info: A user connected to Socket.IO
Sun Sep 24 2023 2:3:4 [TMS] info: A user connected to Socket.IO
Sun Sep 24 2023 2:3:5 [TMS] info: A user connected to Socket.IO
Sun Sep 24 2023 2:3:6 [TMS] info: A user connected to Socket.IO
Sun Sep 24 2023 2:3:6 [TMS] info: A user connected to Socket.IO
Sun Sep 24 2023 2:3:6 [TMS] info: A user connected to Socket.IO
Sun Sep 24 2023 2:3:7 [TMS] info: A user connected to Socket.IO
Sun Sep 24 2023 2:3:7 [TMS] info: A user connected to Socket.IO
Sun Sep 24 2023 2:3:24 [TMS] info: Application  listening on port 5000
Sun Sep 24 2023 2:3:24 [TMS] info: A user connected to Socket.IO
Sun Sep 24 2023 2:3:25 [TMS] info: A user connected to Socket.IO
Sun Sep 24 2023 2:3:26 [TMS] info: A user connected to Socket.IO
Sun Sep 24 2023 2:3:26 [TMS] info: A user connected to Socket.IO
Sun Sep 24 2023 2:3:26 [TMS] info: A user connected to Socket.IO
Sun Sep 24 2023 2:3:26 [TMS] info: A user connected to Socket.IO
Sun Sep 24 2023 2:3:27 [TMS] info: A user connected to Socket.IO
Sun Sep 24 2023 2:3:27 [TMS] info: A user connected to Socket.IO
Sun Sep 24 2023 2:3:27 [TMS] info: A user connected to Socket.IO
Sun Sep 24 2023 2:3:28 [TMS] info: A user connected to Socket.IO
Sun Sep 24 2023 2:3:28 [TMS] info: A user connected to Socket.IO
Sun Sep 24 2023 2:3:28 [TMS] info: A user connected to Socket.IO
Sun Sep 24 2023 2:3:49 [TMS] info: Application  listening on port 5000
Sun Sep 24 2023 2:3:49 [TMS] info: A user connected to Socket.IO
Sun Sep 24 2023 2:3:49 [TMS] info: A user connected to Socket.IO
Sun Sep 24 2023 2:3:50 [TMS] info: A user connected to Socket.IO
Sun Sep 24 2023 2:3:50 [TMS] info: A user connected to Socket.IO
Sun Sep 24 2023 2:3:51 [TMS] info: A user connected to Socket.IO
Sun Sep 24 2023 2:3:52 [TMS] info: A user connected to Socket.IO
Sun Sep 24 2023 2:3:53 [TMS] info: A user connected to Socket.IO
Sun Sep 24 2023 2:3:53 [TMS] info: A user connected to Socket.IO
Sun Sep 24 2023 2:3:53 [TMS] info: A user connected to Socket.IO
Sun Sep 24 2023 2:3:53 [TMS] info: A user connected to Socket.IO
Sun Sep 24 2023 2:3:53 [TMS] info: A user connected to Socket.IO
Sun Sep 24 2023 2:3:54 [TMS] info: A user connected to Socket.IO
Sun Sep 24 2023 2:6:41 [TMS] debug: Attempting to create a new team
Sun Sep 24 2023 2:6:41 [TMS] info: Team created successfully
Sun Sep 24 2023 2:6:48 [TMS] debug: Attempting to create a new team
Sun Sep 24 2023 2:6:48 [TMS] info: Team created successfully
Sun Sep 24 2023 2:8:47 [TMS] info: Application  listening on port 5000
Sun Sep 24 2023 2:8:48 [TMS] info: A user connected to Socket.IO
Sun Sep 24 2023 2:8:48 [TMS] info: A user connected to Socket.IO
Sun Sep 24 2023 2:8:48 [TMS] info: A user connected to Socket.IO
Sun Sep 24 2023 2:8:49 [TMS] info: A user connected to Socket.IO
Sun Sep 24 2023 2:8:49 [TMS] info: A user connected to Socket.IO
Sun Sep 24 2023 2:8:49 [TMS] info: A user connected to Socket.IO
Sun Sep 24 2023 2:8:50 [TMS] info: A user connected to Socket.IO
Sun Sep 24 2023 2:8:50 [TMS] info: A user connected to Socket.IO
Sun Sep 24 2023 2:8:50 [TMS] info: A user connected to Socket.IO
Sun Sep 24 2023 2:8:51 [TMS] info: A user connected to Socket.IO
Sun Sep 24 2023 2:8:51 [TMS] info: A user connected to Socket.IO
Sun Sep 24 2023 2:8:51 [TMS] info: A user connected to Socket.IO
Sun Sep 24 2023 2:9:5 [TMS] info: Application  listening on port 5000
Sun Sep 24 2023 2:9:6 [TMS] info: A user connected to Socket.IO
Sun Sep 24 2023 2:9:6 [TMS] info: A user connected to Socket.IO
Sun Sep 24 2023 2:9:7 [TMS] info: A user connected to Socket.IO
Sun Sep 24 2023 2:9:7 [TMS] info: A user connected to Socket.IO
Sun Sep 24 2023 2:9:7 [TMS] info: A user connected to Socket.IO
Sun Sep 24 2023 2:9:7 [TMS] info: A user connected to Socket.IO
Sun Sep 24 2023 2:9:8 [TMS] info: A user connected to Socket.IO
Sun Sep 24 2023 2:9:8 [TMS] info: A user connected to Socket.IO
Sun Sep 24 2023 2:9:9 [TMS] info: A user connected to Socket.IO
Sun Sep 24 2023 2:9:9 [TMS] info: A user connected to Socket.IO
Sun Sep 24 2023 2:9:9 [TMS] info: A user connected to Socket.IO
Sun Sep 24 2023 2:9:10 [TMS] info: A user connected to Socket.IO
Sun Sep 24 2023 2:9:22 [TMS] info: Application  listening on port 5000
Sun Sep 24 2023 2:9:23 [TMS] info: A user connected to Socket.IO
Sun Sep 24 2023 2:9:23 [TMS] info: A user connected to Socket.IO
Sun Sep 24 2023 2:9:23 [TMS] info: A user connected to Socket.IO
Sun Sep 24 2023 2:9:23 [TMS] info: A user connected to Socket.IO
Sun Sep 24 2023 2:9:24 [TMS] info: A user connected to Socket.IO
Sun Sep 24 2023 2:9:24 [TMS] info: A user connected to Socket.IO
Sun Sep 24 2023 2:9:24 [TMS] info: A user connected to Socket.IO
Sun Sep 24 2023 2:9:25 [TMS] info: A user connected to Socket.IO
Sun Sep 24 2023 2:9:25 [TMS] info: A user connected to Socket.IO
Sun Sep 24 2023 2:9:25 [TMS] info: A user connected to Socket.IO
Sun Sep 24 2023 2:9:25 [TMS] info: A user connected to Socket.IO
Sun Sep 24 2023 2:9:26 [TMS] info: A user connected to Socket.IO
Sun Sep 24 2023 2:9:31 [TMS] info: Application  listening on port 5000
Sun Sep 24 2023 2:9:33 [TMS] info: A user connected to Socket.IO
Sun Sep 24 2023 2:9:33 [TMS] info: A user connected to Socket.IO
Sun Sep 24 2023 2:9:34 [TMS] info: A user connected to Socket.IO
Sun Sep 24 2023 2:9:34 [TMS] info: A user connected to Socket.IO
Sun Sep 24 2023 2:9:34 [TMS] info: A user connected to Socket.IO
Sun Sep 24 2023 2:9:34 [TMS] info: A user connected to Socket.IO
Sun Sep 24 2023 2:9:34 [TMS] info: A user connected to Socket.IO
Sun Sep 24 2023 2:9:41 [TMS] info: Application  listening on port 5000
Sun Sep 24 2023 2:9:41 [TMS] info: A user connected to Socket.IO
Sun Sep 24 2023 2:9:42 [TMS] info: A user connected to Socket.IO
Sun Sep 24 2023 2:9:42 [TMS] info: A user connected to Socket.IO
Sun Sep 24 2023 2:9:48 [TMS] info: Application  listening on port 5000
Sun Sep 24 2023 2:9:48 [TMS] info: A user connected to Socket.IO
Sun Sep 24 2023 2:9:49 [TMS] info: A user connected to Socket.IO
Sun Sep 24 2023 2:9:49 [TMS] info: A user connected to Socket.IO
Sun Sep 24 2023 2:9:49 [TMS] info: A user connected to Socket.IO
Sun Sep 24 2023 2:9:50 [TMS] info: A user connected to Socket.IO
Sun Sep 24 2023 2:9:50 [TMS] info: A user connected to Socket.IO
Sun Sep 24 2023 2:9:50 [TMS] info: A user connected to Socket.IO
Sun Sep 24 2023 2:9:50 [TMS] info: A user connected to Socket.IO
Sun Sep 24 2023 2:9:50 [TMS] info: A user connected to Socket.IO
Sun Sep 24 2023 2:9:51 [TMS] info: A user connected to Socket.IO
Sun Sep 24 2023 2:9:51 [TMS] info: A user connected to Socket.IO
Sun Sep 24 2023 2:9:53 [TMS] info: A user connected to Socket.IO
Sun Sep 24 2023 2:10:40 [TMS] info: Application  listening on port 5000
Sun Sep 24 2023 2:10:41 [TMS] info: A user connected to Socket.IO
Sun Sep 24 2023 2:10:41 [TMS] info: A user connected to Socket.IO
Sun Sep 24 2023 2:10:42 [TMS] info: A user connected to Socket.IO
Sun Sep 24 2023 2:10:42 [TMS] info: A user connected to Socket.IO
Sun Sep 24 2023 2:10:43 [TMS] info: A user connected to Socket.IO
Sun Sep 24 2023 2:10:43 [TMS] info: A user connected to Socket.IO
Sun Sep 24 2023 2:10:43 [TMS] info: A user connected to Socket.IO
Sun Sep 24 2023 2:10:43 [TMS] info: A user connected to Socket.IO
Sun Sep 24 2023 2:10:43 [TMS] info: A user connected to Socket.IO
Sun Sep 24 2023 2:10:43 [TMS] info: A user connected to Socket.IO
Sun Sep 24 2023 2:10:43 [TMS] info: A user connected to Socket.IO
Sun Sep 24 2023 2:10:45 [TMS] info: A user connected to Socket.IO
Sun Sep 24 2023 2:12:21 [TMS] info: A user connected to Socket.IO
Sun Sep 24 2023 2:12:23 [TMS] info: A user connected to Socket.IO
Sun Sep 24 2023 2:12:59 [TMS] info: A user connected to Socket.IO
Sun Sep 24 2023 2:13:1 [TMS] info: A user connected to Socket.IO
Sun Sep 24 2023 2:13:20 [TMS] info: A user connected to Socket.IO
Sun Sep 24 2023 2:13:21 [TMS] info: A user connected to Socket.IO
Sun Sep 24 2023 2:14:6 [TMS] info: A user connected to Socket.IO
Sun Sep 24 2023 2:14:8 [TMS] info: A user connected to Socket.IO
Sun Sep 24 2023 2:14:23 [TMS] info: A user connected to Socket.IO
Sun Sep 24 2023 2:14:52 [TMS] info: A user connected to Socket.IO
Sun Sep 24 2023 2:17:39 [TMS] info: A user connected to Socket.IO
Sun Sep 24 2023 2:22:49 [TMS] info: Application  listening on port 5000
Sun Sep 24 2023 2:22:49 [TMS] info: A user connected to Socket.IO
Sun Sep 24 2023 2:22:50 [TMS] info: A user connected to Socket.IO
Sun Sep 24 2023 2:22:50 [TMS] info: A user connected to Socket.IO
Sun Sep 24 2023 2:22:50 [TMS] info: A user connected to Socket.IO
Sun Sep 24 2023 2:22:50 [TMS] info: A user connected to Socket.IO
Sun Sep 24 2023 2:22:50 [TMS] info: A user connected to Socket.IO
Sun Sep 24 2023 2:22:51 [TMS] info: A user connected to Socket.IO
Sun Sep 24 2023 2:22:51 [TMS] info: A user connected to Socket.IO
Sun Sep 24 2023 2:22:51 [TMS] info: A user connected to Socket.IO
Sun Sep 24 2023 2:22:51 [TMS] info: A user connected to Socket.IO
Sun Sep 24 2023 2:22:52 [TMS] info: A user connected to Socket.IO
Sun Sep 24 2023 2:22:52 [TMS] info: A user connected to Socket.IO
Sun Sep 24 2023 2:22:52 [TMS] info: A user connected to Socket.IO
Sun Sep 24 2023 2:22:53 [TMS] info: A user connected to Socket.IO
Sun Sep 24 2023 2:22:59 [TMS] info: Application  listening on port 5000
Sun Sep 24 2023 2:23:0 [TMS] info: A user connected to Socket.IO
Sun Sep 24 2023 2:23:0 [TMS] info: A user connected to Socket.IO
Sun Sep 24 2023 2:23:0 [TMS] info: A user connected to Socket.IO
Sun Sep 24 2023 2:23:1 [TMS] info: A user connected to Socket.IO
Sun Sep 24 2023 2:23:1 [TMS] info: A user connected to Socket.IO
Sun Sep 24 2023 2:23:1 [TMS] info: A user connected to Socket.IO
Sun Sep 24 2023 2:23:1 [TMS] info: A user connected to Socket.IO
Sun Sep 24 2023 2:23:1 [TMS] info: A user connected to Socket.IO
Sun Sep 24 2023 2:23:1 [TMS] info: A user connected to Socket.IO
Sun Sep 24 2023 2:23:2 [TMS] info: A user connected to Socket.IO
Sun Sep 24 2023 2:23:2 [TMS] info: A user connected to Socket.IO
Sun Sep 24 2023 2:23:3 [TMS] info: A user connected to Socket.IO
Sun Sep 24 2023 2:23:4 [TMS] info: A user connected to Socket.IO
Sun Sep 24 2023 2:23:4 [TMS] info: A user connected to Socket.IO
Sun Sep 24 2023 2:23:4 [TMS] info: A user connected to Socket.IO
Sun Sep 24 2023 2:23:4 [TMS] info: A user connected to Socket.IO
Sun Sep 24 2023 2:23:13 [TMS] info: A user connected to Socket.IO
Sun Sep 24 2023 2:24:8 [TMS] info: A user connected to Socket.IO
Sun Sep 24 2023 2:24:16 [TMS] info: A user connected to Socket.IO
Sun Sep 24 2023 2:30:36 [TMS] info: Application  listening on port 5000
Sun Sep 24 2023 2:30:36 [TMS] info: A user connected to Socket.IO
Sun Sep 24 2023 2:30:36 [TMS] info: A user connected to Socket.IO
Sun Sep 24 2023 2:30:36 [TMS] info: A user connected to Socket.IO
Sun Sep 24 2023 2:30:36 [TMS] info: A user connected to Socket.IO
Sun Sep 24 2023 2:30:36 [TMS] info: A user connected to Socket.IO
Sun Sep 24 2023 2:30:36 [TMS] info: A user connected to Socket.IO
Sun Sep 24 2023 2:30:37 [TMS] info: A user connected to Socket.IO
Sun Sep 24 2023 2:30:37 [TMS] info: A user connected to Socket.IO
Sun Sep 24 2023 2:30:37 [TMS] info: A user connected to Socket.IO
Sun Sep 24 2023 2:30:37 [TMS] info: A user connected to Socket.IO
Sun Sep 24 2023 2:30:37 [TMS] info: A user connected to Socket.IO
Sun Sep 24 2023 2:30:37 [TMS] info: A user connected to Socket.IO
Sun Sep 24 2023 2:30:37 [TMS] info: A user connected to Socket.IO
Sun Sep 24 2023 2:30:39 [TMS] info: A user connected to Socket.IO
Sun Sep 24 2023 2:30:39 [TMS] info: A user connected to Socket.IO
Sun Sep 24 2023 2:30:40 [TMS] info: A user connected to Socket.IO
Sun Sep 24 2023 2:30:40 [TMS] info: A user connected to Socket.IO
Sun Sep 24 2023 2:34:45 [TMS] info: Application  listening on port 5000
Sun Sep 24 2023 2:34:45 [TMS] info: A user connected to Socket.IO
Sun Sep 24 2023 2:34:45 [TMS] info: A user connected to Socket.IO
Sun Sep 24 2023 2:34:46 [TMS] info: A user connected to Socket.IO
Sun Sep 24 2023 2:34:46 [TMS] info: A user connected to Socket.IO
Sun Sep 24 2023 2:34:46 [TMS] info: A user connected to Socket.IO
Sun Sep 24 2023 2:34:46 [TMS] info: A user connected to Socket.IO
Sun Sep 24 2023 2:34:47 [TMS] info: A user connected to Socket.IO
Sun Sep 24 2023 2:34:47 [TMS] info: A user connected to Socket.IO
Sun Sep 24 2023 2:34:47 [TMS] info: A user connected to Socket.IO
Sun Sep 24 2023 2:34:47 [TMS] info: A user connected to Socket.IO
Sun Sep 24 2023 2:34:47 [TMS] info: A user connected to Socket.IO
Sun Sep 24 2023 2:34:48 [TMS] info: A user connected to Socket.IO
Sun Sep 24 2023 2:34:48 [TMS] info: A user connected to Socket.IO
Sun Sep 24 2023 2:34:48 [TMS] info: A user connected to Socket.IO
Sun Sep 24 2023 2:34:49 [TMS] info: A user connected to Socket.IO
Sun Sep 24 2023 2:34:49 [TMS] info: A user connected to Socket.IO
Sun Sep 24 2023 2:34:51 [TMS] info: A user connected to Socket.IO
Sun Sep 24 2023 2:38:34 [TMS] info: Application  listening on port 5000
Sun Sep 24 2023 2:38:35 [TMS] info: A user connected to Socket.IO
Sun Sep 24 2023 2:38:35 [TMS] info: A user connected to Socket.IO
Sun Sep 24 2023 2:38:35 [TMS] info: A user connected to Socket.IO
Sun Sep 24 2023 2:38:35 [TMS] info: A user connected to Socket.IO
Sun Sep 24 2023 2:38:35 [TMS] info: A user connected to Socket.IO
Sun Sep 24 2023 2:38:36 [TMS] info: A user connected to Socket.IO
Sun Sep 24 2023 2:38:36 [TMS] info: A user connected to Socket.IO
Sun Sep 24 2023 2:38:36 [TMS] info: A user connected to Socket.IO
Sun Sep 24 2023 2:38:37 [TMS] info: A user connected to Socket.IO
Sun Sep 24 2023 2:38:37 [TMS] info: A user connected to Socket.IO
Sun Sep 24 2023 2:38:37 [TMS] info: A user connected to Socket.IO
Sun Sep 24 2023 2:38:37 [TMS] info: A user connected to Socket.IO
Sun Sep 24 2023 2:38:37 [TMS] info: A user connected to Socket.IO
Sun Sep 24 2023 2:38:38 [TMS] info: A user connected to Socket.IO
Sun Sep 24 2023 2:38:38 [TMS] info: A user connected to Socket.IO
Sun Sep 24 2023 2:38:38 [TMS] info: A user connected to Socket.IO
Sun Sep 24 2023 2:38:39 [TMS] info: A user connected to Socket.IO
Sun Sep 24 2023 2:43:21 [TMS] info: Application  listening on port 5000
Sun Sep 24 2023 2:43:22 [TMS] info: A user connected to Socket.IO
Sun Sep 24 2023 2:43:22 [TMS] info: A user connected to Socket.IO
Sun Sep 24 2023 2:43:22 [TMS] info: A user connected to Socket.IO
Sun Sep 24 2023 2:43:22 [TMS] info: A user connected to Socket.IO
Sun Sep 24 2023 2:43:23 [TMS] info: A user connected to Socket.IO
Sun Sep 24 2023 2:43:23 [TMS] info: A user connected to Socket.IO
Sun Sep 24 2023 2:43:23 [TMS] info: A user connected to Socket.IO
Sun Sep 24 2023 2:43:23 [TMS] info: A user connected to Socket.IO
Sun Sep 24 2023 2:43:23 [TMS] info: A user connected to Socket.IO
Sun Sep 24 2023 2:43:24 [TMS] info: A user connected to Socket.IO
Sun Sep 24 2023 2:43:24 [TMS] info: A user connected to Socket.IO
Sun Sep 24 2023 2:43:24 [TMS] info: A user connected to Socket.IO
Sun Sep 24 2023 2:43:24 [TMS] info: A user connected to Socket.IO
Sun Sep 24 2023 2:43:24 [TMS] info: A user connected to Socket.IO
Sun Sep 24 2023 2:43:25 [TMS] info: A user connected to Socket.IO
Sun Sep 24 2023 2:43:25 [TMS] info: A user connected to Socket.IO
Sun Sep 24 2023 2:43:26 [TMS] info: A user connected to Socket.IO
Sun Sep 24 2023 2:48:11 [TMS] info: Application  listening on port 5000
Sun Sep 24 2023 2:48:11 [TMS] info: A user connected to Socket.IO
Sun Sep 24 2023 2:48:11 [TMS] info: A user connected to Socket.IO
Sun Sep 24 2023 2:48:11 [TMS] info: A user connected to Socket.IO
Sun Sep 24 2023 2:48:11 [TMS] info: A user connected to Socket.IO
Sun Sep 24 2023 2:48:11 [TMS] info: A user connected to Socket.IO
Sun Sep 24 2023 2:48:12 [TMS] info: A user connected to Socket.IO
Sun Sep 24 2023 2:48:12 [TMS] info: A user connected to Socket.IO
Sun Sep 24 2023 2:48:12 [TMS] info: A user connected to Socket.IO
Sun Sep 24 2023 2:48:13 [TMS] info: A user connected to Socket.IO
Sun Sep 24 2023 2:48:13 [TMS] info: A user connected to Socket.IO
Sun Sep 24 2023 2:48:13 [TMS] info: A user connected to Socket.IO
Sun Sep 24 2023 2:48:13 [TMS] info: A user connected to Socket.IO
Sun Sep 24 2023 2:48:13 [TMS] info: A user connected to Socket.IO
Sun Sep 24 2023 2:48:14 [TMS] info: A user connected to Socket.IO
Sun Sep 24 2023 2:48:14 [TMS] info: A user connected to Socket.IO
Sun Sep 24 2023 2:48:16 [TMS] info: A user connected to Socket.IO
Sun Sep 24 2023 2:48:16 [TMS] info: A user connected to Socket.IO
